<?xml version="1.0" encoding="UTF-8"?>
<coverage generated="1639147224975" clover="3.2.0">
  <project timestamp="1639147224975" name="All files">
    <metrics statements="102" coveredstatements="94" conditionals="64" coveredconditionals="52" methods="4" coveredmethods="4" elements="170" coveredelements="150" complexity="0" loc="102" ncloc="102" packages="2" files="2" classes="2">
      <package name="lib">
        <metrics statements="55" coveredstatements="51" conditionals="32" coveredconditionals="26" methods="2" coveredmethods="2"/>
        <file name="Rules.js" path="/Users/lucasbueno/Documents/repos_personal/react-identity-component/lib/Rules.js">
          <metrics statements="55" coveredstatements="51" conditionals="32" coveredconditionals="26" methods="2" coveredmethods="2"/>
          <line num="3" count="1" type="stmt"/>
          <line num="6" count="1" type="stmt"/>
          <line num="7" count="1" type="stmt"/>
          <line num="10" count="3" type="stmt"/>
          <line num="11" count="3" type="stmt"/>
          <line num="12" count="3" type="stmt"/>
          <line num="14" count="3" type="cond" truecount="3" falsecount="1"/>
          <line num="15" count="0" type="stmt"/>
          <line num="18" count="3" type="stmt"/>
          <line num="19" count="27" type="stmt"/>
          <line num="21" count="3" type="stmt"/>
          <line num="23" count="3" type="cond" truecount="3" falsecount="1"/>
          <line num="24" count="0" type="stmt"/>
          <line num="26" count="3" type="cond" truecount="2" falsecount="0"/>
          <line num="27" count="1" type="stmt"/>
          <line num="30" count="2" type="stmt"/>
          <line num="31" count="2" type="stmt"/>
          <line num="32" count="20" type="stmt"/>
          <line num="34" count="2" type="stmt"/>
          <line num="36" count="2" type="cond" truecount="3" falsecount="1"/>
          <line num="37" count="0" type="stmt"/>
          <line num="40" count="2" type="cond" truecount="2" falsecount="0"/>
          <line num="41" count="1" type="stmt"/>
          <line num="43" count="1" type="stmt"/>
          <line num="48" count="3" type="stmt"/>
          <line num="49" count="3" type="stmt"/>
          <line num="50" count="3" type="stmt"/>
          <line num="51" count="3" type="stmt"/>
          <line num="52" count="3" type="stmt"/>
          <line num="53" count="3" type="stmt"/>
          <line num="54" count="3" type="stmt"/>
          <line num="56" count="3" type="cond" truecount="4" falsecount="0"/>
          <line num="57" count="1" type="stmt"/>
          <line num="60" count="2" type="stmt"/>
          <line num="61" count="2" type="stmt"/>
          <line num="62" count="2" type="stmt"/>
          <line num="63" count="2" type="stmt"/>
          <line num="64" count="2" type="stmt"/>
          <line num="65" count="2" type="stmt"/>
          <line num="66" count="24" type="stmt"/>
          <line num="67" count="24" type="cond" truecount="2" falsecount="0"/>
          <line num="69" count="2" type="cond" truecount="1" falsecount="1"/>
          <line num="71" count="2" type="cond" truecount="1" falsecount="1"/>
          <line num="72" count="0" type="stmt"/>
          <line num="75" count="2" type="stmt"/>
          <line num="76" count="2" type="stmt"/>
          <line num="77" count="2" type="stmt"/>
          <line num="78" count="2" type="stmt"/>
          <line num="79" count="2" type="stmt"/>
          <line num="80" count="26" type="stmt"/>
          <line num="81" count="26" type="cond" truecount="2" falsecount="0"/>
          <line num="83" count="2" type="cond" truecount="1" falsecount="1"/>
          <line num="85" count="2" type="cond" truecount="2" falsecount="0"/>
          <line num="86" count="1" type="stmt"/>
          <line num="88" count="1" type="stmt"/>
        </file>
      </package>
      <package name="src">
        <metrics statements="47" coveredstatements="43" conditionals="32" coveredconditionals="26" methods="2" coveredmethods="2"/>
        <file name="Rules.js" path="/Users/lucasbueno/Documents/repos_personal/react-identity-component/src/Rules.js">
          <metrics statements="47" coveredstatements="43" conditionals="32" coveredconditionals="26" methods="2" coveredmethods="2"/>
          <line num="5" count="3" type="stmt"/>
          <line num="7" count="3" type="cond" truecount="3" falsecount="1"/>
          <line num="8" count="0" type="stmt"/>
          <line num="11" count="3" type="stmt"/>
          <line num="12" count="27" type="stmt"/>
          <line num="14" count="3" type="stmt"/>
          <line num="16" count="3" type="cond" truecount="3" falsecount="1"/>
          <line num="17" count="0" type="stmt"/>
          <line num="19" count="3" type="cond" truecount="2" falsecount="0"/>
          <line num="20" count="1" type="stmt"/>
          <line num="23" count="2" type="stmt"/>
          <line num="24" count="2" type="stmt"/>
          <line num="25" count="20" type="stmt"/>
          <line num="27" count="2" type="stmt"/>
          <line num="29" count="2" type="cond" truecount="3" falsecount="1"/>
          <line num="30" count="0" type="stmt"/>
          <line num="33" count="2" type="cond" truecount="2" falsecount="0"/>
          <line num="34" count="1" type="stmt"/>
          <line num="36" count="1" type="stmt"/>
          <line num="41" count="3" type="stmt"/>
          <line num="42" count="3" type="stmt"/>
          <line num="44" count="3" type="cond" truecount="4" falsecount="0"/>
          <line num="45" count="1" type="stmt"/>
          <line num="48" count="2" type="stmt"/>
          <line num="49" count="2" type="stmt"/>
          <line num="50" count="2" type="stmt"/>
          <line num="51" count="2" type="stmt"/>
          <line num="52" count="2" type="stmt"/>
          <line num="53" count="2" type="stmt"/>
          <line num="54" count="24" type="stmt"/>
          <line num="55" count="24" type="cond" truecount="2" falsecount="0"/>
          <line num="56" count="4" type="stmt"/>
          <line num="58" count="2" type="cond" truecount="1" falsecount="1"/>
          <line num="60" count="2" type="cond" truecount="1" falsecount="1"/>
          <line num="61" count="0" type="stmt"/>
          <line num="64" count="2" type="stmt"/>
          <line num="65" count="2" type="stmt"/>
          <line num="66" count="2" type="stmt"/>
          <line num="67" count="2" type="stmt"/>
          <line num="68" count="2" type="stmt"/>
          <line num="69" count="26" type="stmt"/>
          <line num="70" count="26" type="cond" truecount="2" falsecount="0"/>
          <line num="71" count="4" type="stmt"/>
          <line num="73" count="2" type="cond" truecount="1" falsecount="1"/>
          <line num="75" count="2" type="cond" truecount="2" falsecount="0"/>
          <line num="76" count="1" type="stmt"/>
          <line num="78" count="1" type="stmt"/>
        </file>
      </package>
    </metrics>
  </project>
</coverage>
