{"total": {"lines":{"total":102,"covered":67,"skipped":0,"pct":65.69},"statements":{"total":111,"covered":71,"skipped":0,"pct":63.96},"functions":{"total":4,"covered":3,"skipped":0,"pct":75},"branches":{"total":64,"covered":39,"skipped":0,"pct":60.94}}
,"/Users/lucasbueno/Documents/repos_personal/react-identity-component/lib/Rules.js": {"lines":{"total":55,"covered":51,"skipped":0,"pct":92.73},"functions":{"total":2,"covered":2,"skipped":0,"pct":100},"statements":{"total":57,"covered":53,"skipped":0,"pct":92.98},"branches":{"total":32,"covered":26,"skipped":0,"pct":81.25}}
,"/Users/lucasbueno/Documents/repos_personal/react-identity-component/src/Rules.js": {"lines":{"total":47,"covered":16,"skipped":0,"pct":34.04},"functions":{"total":2,"covered":1,"skipped":0,"pct":50},"statements":{"total":54,"covered":18,"skipped":0,"pct":33.33},"branches":{"total":32,"covered":13,"skipped":0,"pct":40.63}}
}
