{"total": {"lines":{"total":102,"covered":35,"skipped":0,"pct":34.31},"statements":{"total":111,"covered":37,"skipped":0,"pct":33.33},"functions":{"total":4,"covered":2,"skipped":0,"pct":50},"branches":{"total":64,"covered":24,"skipped":0,"pct":37.5}}
,"/home/runner/work/react-identity-component/react-identity-component/lib/Rules.js": {"lines":{"total":55,"covered":20,"skipped":0,"pct":36.36},"functions":{"total":2,"covered":1,"skipped":0,"pct":50},"statements":{"total":57,"covered":20,"skipped":0,"pct":35.09},"branches":{"total":32,"covered":12,"skipped":0,"pct":37.5}}
,"/home/runner/work/react-identity-component/react-identity-component/src/Rules.js": {"lines":{"total":47,"covered":15,"skipped":0,"pct":31.91},"functions":{"total":2,"covered":1,"skipped":0,"pct":50},"statements":{"total":54,"covered":17,"skipped":0,"pct":31.48},"branches":{"total":32,"covered":12,"skipped":0,"pct":37.5}}
}
