{"/Users/lucasbueno/Documents/repos_personal/react-identity-component/lib/Rules.js": {"path":"/Users/lucasbueno/Documents/repos_personal/react-identity-component/lib/Rules.js","statementMap":{"0":{"start":{"line":3,"column":0},"end":{"line":5,"column":3}},"1":{"start":{"line":6,"column":0},"end":{"line":6,"column":34}},"2":{"start":{"line":7,"column":0},"end":{"line":7,"column":36}},"3":{"start":{"line":10,"column":14},"end":{"line":10,"column":38}},"4":{"start":{"line":11,"column":14},"end":{"line":11,"column":15}},"5":{"start":{"line":12,"column":19},"end":{"line":12,"column":20}},"6":{"start":{"line":14,"column":4},"end":{"line":16,"column":5}},"7":{"start":{"line":15,"column":8},"end":{"line":15,"column":21}},"8":{"start":{"line":18,"column":4},"end":{"line":20,"column":5}},"9":{"start":{"line":19,"column":8},"end":{"line":19,"column":65}},"10":{"start":{"line":21,"column":4},"end":{"line":21,"column":29}},"11":{"start":{"line":23,"column":4},"end":{"line":25,"column":5}},"12":{"start":{"line":24,"column":8},"end":{"line":24,"column":21}},"13":{"start":{"line":26,"column":4},"end":{"line":28,"column":5}},"14":{"start":{"line":27,"column":8},"end":{"line":27,"column":21}},"15":{"start":{"line":30,"column":4},"end":{"line":30,"column":12}},"16":{"start":{"line":31,"column":4},"end":{"line":33,"column":5}},"17":{"start":{"line":32,"column":8},"end":{"line":32,"column":68}},"18":{"start":{"line":34,"column":4},"end":{"line":34,"column":29}},"19":{"start":{"line":36,"column":4},"end":{"line":38,"column":5}},"20":{"start":{"line":37,"column":8},"end":{"line":37,"column":21}},"21":{"start":{"line":40,"column":4},"end":{"line":44,"column":5}},"22":{"start":{"line":41,"column":8},"end":{"line":41,"column":21}},"23":{"start":{"line":43,"column":8},"end":{"line":43,"column":20}},"24":{"start":{"line":48,"column":15},"end":{"line":48,"column":39}},"25":{"start":{"line":49,"column":15},"end":{"line":49,"column":16}},"26":{"start":{"line":50,"column":18},"end":{"line":50,"column":19}},"27":{"start":{"line":51,"column":17},"end":{"line":51,"column":18}},"28":{"start":{"line":52,"column":14},"end":{"line":52,"column":15}},"29":{"start":{"line":53,"column":14},"end":{"line":53,"column":15}},"30":{"start":{"line":54,"column":17},"end":{"line":54,"column":18}},"31":{"start":{"line":56,"column":4},"end":{"line":58,"column":5}},"32":{"start":{"line":57,"column":8},"end":{"line":57,"column":21}},"33":{"start":{"line":60,"column":4},"end":{"line":60,"column":27}},"34":{"start":{"line":61,"column":4},"end":{"line":61,"column":38}},"35":{"start":{"line":62,"column":4},"end":{"line":62,"column":34}},"36":{"start":{"line":63,"column":4},"end":{"line":63,"column":12}},"37":{"start":{"line":64,"column":4},"end":{"line":64,"column":19}},"38":{"start":{"line":65,"column":4},"end":{"line":68,"column":5}},"39":{"start":{"line":66,"column":8},"end":{"line":66,"column":48}},"40":{"start":{"line":67,"column":8},"end":{"line":67,"column":29}},"41":{"start":{"line":67,"column":21},"end":{"line":67,"column":29}},"42":{"start":{"line":69,"column":4},"end":{"line":69,"column":46}},"43":{"start":{"line":71,"column":4},"end":{"line":73,"column":5}},"44":{"start":{"line":72,"column":8},"end":{"line":72,"column":21}},"45":{"start":{"line":75,"column":4},"end":{"line":75,"column":20}},"46":{"start":{"line":76,"column":4},"end":{"line":76,"column":38}},"47":{"start":{"line":77,"column":4},"end":{"line":77,"column":12}},"48":{"start":{"line":78,"column":4},"end":{"line":78,"column":19}},"49":{"start":{"line":79,"column":4},"end":{"line":82,"column":5}},"50":{"start":{"line":80,"column":8},"end":{"line":80,"column":50}},"51":{"start":{"line":81,"column":8},"end":{"line":81,"column":29}},"52":{"start":{"line":81,"column":21},"end":{"line":81,"column":29}},"53":{"start":{"line":83,"column":4},"end":{"line":83,"column":46}},"54":{"start":{"line":85,"column":4},"end":{"line":89,"column":5}},"55":{"start":{"line":86,"column":8},"end":{"line":86,"column":21}},"56":{"start":{"line":88,"column":8},"end":{"line":88,"column":20}}},"fnMap":{"0":{"name":"validateCPF","decl":{"start":{"line":8,"column":9},"end":{"line":8,"column":20}},"loc":{"start":{"line":8,"column":27},"end":{"line":45,"column":1}},"line":8},"1":{"name":"validateCNPJ","decl":{"start":{"line":47,"column":9},"end":{"line":47,"column":21}},"loc":{"start":{"line":47,"column":28},"end":{"line":90,"column":1}},"line":47}},"branchMap":{"0":{"loc":{"start":{"line":14,"column":4},"end":{"line":16,"column":5}},"type":"if","locations":[{"start":{"line":14,"column":4},"end":{"line":16,"column":5}},{"start":{"line":14,"column":4},"end":{"line":16,"column":5}}],"line":14},"1":{"loc":{"start":{"line":14,"column":8},"end":{"line":14,"column":39}},"type":"binary-expr","locations":[{"start":{"line":14,"column":8},"end":{"line":14,"column":12}},{"start":{"line":14,"column":16},"end":{"line":14,"column":39}}],"line":14},"2":{"loc":{"start":{"line":23,"column":4},"end":{"line":25,"column":5}},"type":"if","locations":[{"start":{"line":23,"column":4},"end":{"line":25,"column":5}},{"start":{"line":23,"column":4},"end":{"line":25,"column":5}}],"line":23},"3":{"loc":{"start":{"line":23,"column":8},"end":{"line":23,"column":42}},"type":"binary-expr","locations":[{"start":{"line":23,"column":8},"end":{"line":23,"column":23}},{"start":{"line":23,"column":27},"end":{"line":23,"column":42}}],"line":23},"4":{"loc":{"start":{"line":26,"column":4},"end":{"line":28,"column":5}},"type":"if","locations":[{"start":{"line":26,"column":4},"end":{"line":28,"column":5}},{"start":{"line":26,"column":4},"end":{"line":28,"column":5}}],"line":26},"5":{"loc":{"start":{"line":36,"column":4},"end":{"line":38,"column":5}},"type":"if","locations":[{"start":{"line":36,"column":4},"end":{"line":38,"column":5}},{"start":{"line":36,"column":4},"end":{"line":38,"column":5}}],"line":36},"6":{"loc":{"start":{"line":36,"column":8},"end":{"line":36,"column":42}},"type":"binary-expr","locations":[{"start":{"line":36,"column":8},"end":{"line":36,"column":23}},{"start":{"line":36,"column":27},"end":{"line":36,"column":42}}],"line":36},"7":{"loc":{"start":{"line":40,"column":4},"end":{"line":44,"column":5}},"type":"if","locations":[{"start":{"line":40,"column":4},"end":{"line":44,"column":5}},{"start":{"line":40,"column":4},"end":{"line":44,"column":5}}],"line":40},"8":{"loc":{"start":{"line":56,"column":4},"end":{"line":58,"column":5}},"type":"if","locations":[{"start":{"line":56,"column":4},"end":{"line":58,"column":5}},{"start":{"line":56,"column":4},"end":{"line":58,"column":5}}],"line":56},"9":{"loc":{"start":{"line":56,"column":8},"end":{"line":56,"column":54}},"type":"binary-expr","locations":[{"start":{"line":56,"column":8},"end":{"line":56,"column":26}},{"start":{"line":56,"column":30},"end":{"line":56,"column":54}}],"line":56},"10":{"loc":{"start":{"line":67,"column":8},"end":{"line":67,"column":29}},"type":"if","locations":[{"start":{"line":67,"column":8},"end":{"line":67,"column":29}},{"start":{"line":67,"column":8},"end":{"line":67,"column":29}}],"line":67},"11":{"loc":{"start":{"line":69,"column":13},"end":{"line":69,"column":45}},"type":"cond-expr","locations":[{"start":{"line":69,"column":28},"end":{"line":69,"column":29}},{"start":{"line":69,"column":32},"end":{"line":69,"column":45}}],"line":69},"12":{"loc":{"start":{"line":71,"column":4},"end":{"line":73,"column":5}},"type":"if","locations":[{"start":{"line":71,"column":4},"end":{"line":73,"column":5}},{"start":{"line":71,"column":4},"end":{"line":73,"column":5}}],"line":71},"13":{"loc":{"start":{"line":81,"column":8},"end":{"line":81,"column":29}},"type":"if","locations":[{"start":{"line":81,"column":8},"end":{"line":81,"column":29}},{"start":{"line":81,"column":8},"end":{"line":81,"column":29}}],"line":81},"14":{"loc":{"start":{"line":83,"column":13},"end":{"line":83,"column":45}},"type":"cond-expr","locations":[{"start":{"line":83,"column":28},"end":{"line":83,"column":29}},{"start":{"line":83,"column":32},"end":{"line":83,"column":45}}],"line":83},"15":{"loc":{"start":{"line":85,"column":4},"end":{"line":89,"column":5}},"type":"if","locations":[{"start":{"line":85,"column":4},"end":{"line":89,"column":5}},{"start":{"line":85,"column":4},"end":{"line":89,"column":5}}],"line":85}},"s":{"0":1,"1":1,"2":1,"3":3,"4":3,"5":3,"6":3,"7":0,"8":3,"9":27,"10":3,"11":3,"12":0,"13":3,"14":1,"15":2,"16":2,"17":20,"18":2,"19":2,"20":0,"21":2,"22":1,"23":1,"24":3,"25":3,"26":3,"27":3,"28":3,"29":3,"30":3,"31":3,"32":1,"33":2,"34":2,"35":2,"36":2,"37":2,"38":2,"39":24,"40":24,"41":4,"42":2,"43":2,"44":0,"45":2,"46":2,"47":2,"48":2,"49":2,"50":26,"51":26,"52":4,"53":2,"54":2,"55":1,"56":1},"f":{"0":3,"1":3},"b":{"0":[0,3],"1":[3,3],"2":[0,3],"3":[3,3],"4":[1,2],"5":[0,2],"6":[2,2],"7":[1,1],"8":[1,2],"9":[3,2],"10":[4,20],"11":[0,2],"12":[0,2],"13":[4,22],"14":[0,2],"15":[1,1]},"_coverageSchema":"332fd63041d2c1bcb487cc26dd0d5f7d97098a6c","hash":"e6723ee1b2b43bee310c9b902d9ef77a2304b7b4"}
,"/Users/lucasbueno/Documents/repos_personal/react-identity-component/src/Rules.js": {"path":"/Users/lucasbueno/Documents/repos_personal/react-identity-component/src/Rules.js","statementMap":{"0":{"start":{"line":5,"column":14},"end":{"line":5,"column":38}},"1":{"start":{"line":5,"column":46},"end":{"line":5,"column":47}},"2":{"start":{"line":5,"column":60},"end":{"line":5,"column":61}},"3":{"start":{"line":7,"column":4},"end":{"line":9,"column":5}},"4":{"start":{"line":8,"column":8},"end":{"line":8,"column":21}},"5":{"start":{"line":11,"column":1},"end":{"line":13,"column":5}},"6":{"start":{"line":12,"column":8},"end":{"line":12,"column":63}},"7":{"start":{"line":14,"column":1},"end":{"line":14,"column":28}},"8":{"start":{"line":16,"column":4},"end":{"line":18,"column":5}},"9":{"start":{"line":17,"column":8},"end":{"line":17,"column":21}},"10":{"start":{"line":19,"column":4},"end":{"line":21,"column":5}},"11":{"start":{"line":20,"column":8},"end":{"line":20,"column":21}},"12":{"start":{"line":23,"column":1},"end":{"line":23,"column":9}},"13":{"start":{"line":24,"column":4},"end":{"line":26,"column":5}},"14":{"start":{"line":25,"column":8},"end":{"line":25,"column":63}},"15":{"start":{"line":27,"column":4},"end":{"line":27,"column":31}},"16":{"start":{"line":29,"column":4},"end":{"line":31,"column":5}},"17":{"start":{"line":30,"column":8},"end":{"line":30,"column":21}},"18":{"start":{"line":33,"column":4},"end":{"line":37,"column":5}},"19":{"start":{"line":34,"column":8},"end":{"line":34,"column":21}},"20":{"start":{"line":36,"column":8},"end":{"line":36,"column":20}},"21":{"start":{"line":41,"column":15},"end":{"line":41,"column":39}},"22":{"start":{"line":41,"column":48},"end":{"line":41,"column":49}},"23":{"start":{"line":42,"column":18},"end":{"line":42,"column":19}},"24":{"start":{"line":42,"column":30},"end":{"line":42,"column":31}},"25":{"start":{"line":42,"column":39},"end":{"line":42,"column":40}},"26":{"start":{"line":42,"column":48},"end":{"line":42,"column":49}},"27":{"start":{"line":42,"column":60},"end":{"line":42,"column":61}},"28":{"start":{"line":44,"column":4},"end":{"line":46,"column":5}},"29":{"start":{"line":45,"column":8},"end":{"line":45,"column":21}},"30":{"start":{"line":48,"column":4},"end":{"line":48,"column":27}},"31":{"start":{"line":49,"column":4},"end":{"line":49,"column":37}},"32":{"start":{"line":50,"column":4},"end":{"line":50,"column":34}},"33":{"start":{"line":51,"column":4},"end":{"line":51,"column":12}},"34":{"start":{"line":52,"column":4},"end":{"line":52,"column":19}},"35":{"start":{"line":53,"column":4},"end":{"line":57,"column":5}},"36":{"start":{"line":54,"column":6},"end":{"line":54,"column":46}},"37":{"start":{"line":55,"column":6},"end":{"line":56,"column":20}},"38":{"start":{"line":56,"column":12},"end":{"line":56,"column":20}},"39":{"start":{"line":58,"column":4},"end":{"line":58,"column":46}},"40":{"start":{"line":60,"column":4},"end":{"line":62,"column":5}},"41":{"start":{"line":61,"column":8},"end":{"line":61,"column":21}},"42":{"start":{"line":64,"column":4},"end":{"line":64,"column":20}},"43":{"start":{"line":65,"column":4},"end":{"line":65,"column":37}},"44":{"start":{"line":66,"column":4},"end":{"line":66,"column":12}},"45":{"start":{"line":67,"column":4},"end":{"line":67,"column":19}},"46":{"start":{"line":68,"column":4},"end":{"line":72,"column":5}},"47":{"start":{"line":69,"column":6},"end":{"line":69,"column":46}},"48":{"start":{"line":70,"column":6},"end":{"line":71,"column":20}},"49":{"start":{"line":71,"column":12},"end":{"line":71,"column":20}},"50":{"start":{"line":73,"column":4},"end":{"line":73,"column":46}},"51":{"start":{"line":75,"column":4},"end":{"line":79,"column":5}},"52":{"start":{"line":76,"column":8},"end":{"line":76,"column":21}},"53":{"start":{"line":78,"column":8},"end":{"line":78,"column":20}}},"fnMap":{"0":{"name":"validateCPF","decl":{"start":{"line":3,"column":16},"end":{"line":3,"column":27}},"loc":{"start":{"line":3,"column":33},"end":{"line":38,"column":1}},"line":3},"1":{"name":"validateCNPJ","decl":{"start":{"line":40,"column":16},"end":{"line":40,"column":28}},"loc":{"start":{"line":40,"column":34},"end":{"line":80,"column":1}},"line":40}},"branchMap":{"0":{"loc":{"start":{"line":7,"column":4},"end":{"line":9,"column":5}},"type":"if","locations":[{"start":{"line":7,"column":4},"end":{"line":9,"column":5}},{"start":{"line":7,"column":4},"end":{"line":9,"column":5}}],"line":7},"1":{"loc":{"start":{"line":7,"column":8},"end":{"line":7,"column":39}},"type":"binary-expr","locations":[{"start":{"line":7,"column":8},"end":{"line":7,"column":12}},{"start":{"line":7,"column":16},"end":{"line":7,"column":39}}],"line":7},"2":{"loc":{"start":{"line":16,"column":4},"end":{"line":18,"column":5}},"type":"if","locations":[{"start":{"line":16,"column":4},"end":{"line":18,"column":5}},{"start":{"line":16,"column":4},"end":{"line":18,"column":5}}],"line":16},"3":{"loc":{"start":{"line":16,"column":8},"end":{"line":16,"column":46}},"type":"binary-expr","locations":[{"start":{"line":16,"column":9},"end":{"line":16,"column":24}},{"start":{"line":16,"column":30},"end":{"line":16,"column":45}}],"line":16},"4":{"loc":{"start":{"line":19,"column":4},"end":{"line":21,"column":5}},"type":"if","locations":[{"start":{"line":19,"column":4},"end":{"line":21,"column":5}},{"start":{"line":19,"column":4},"end":{"line":21,"column":5}}],"line":19},"5":{"loc":{"start":{"line":29,"column":4},"end":{"line":31,"column":5}},"type":"if","locations":[{"start":{"line":29,"column":4},"end":{"line":31,"column":5}},{"start":{"line":29,"column":4},"end":{"line":31,"column":5}}],"line":29},"6":{"loc":{"start":{"line":29,"column":8},"end":{"line":29,"column":46}},"type":"binary-expr","locations":[{"start":{"line":29,"column":9},"end":{"line":29,"column":24}},{"start":{"line":29,"column":30},"end":{"line":29,"column":45}}],"line":29},"7":{"loc":{"start":{"line":33,"column":4},"end":{"line":37,"column":5}},"type":"if","locations":[{"start":{"line":33,"column":4},"end":{"line":37,"column":5}},{"start":{"line":33,"column":4},"end":{"line":37,"column":5}}],"line":33},"8":{"loc":{"start":{"line":44,"column":4},"end":{"line":46,"column":5}},"type":"if","locations":[{"start":{"line":44,"column":4},"end":{"line":46,"column":5}},{"start":{"line":44,"column":4},"end":{"line":46,"column":5}}],"line":44},"9":{"loc":{"start":{"line":44,"column":7},"end":{"line":44,"column":53}},"type":"binary-expr","locations":[{"start":{"line":44,"column":7},"end":{"line":44,"column":25}},{"start":{"line":44,"column":29},"end":{"line":44,"column":53}}],"line":44},"10":{"loc":{"start":{"line":55,"column":6},"end":{"line":56,"column":20}},"type":"if","locations":[{"start":{"line":55,"column":6},"end":{"line":56,"column":20}},{"start":{"line":55,"column":6},"end":{"line":56,"column":20}}],"line":55},"11":{"loc":{"start":{"line":58,"column":13},"end":{"line":58,"column":45}},"type":"cond-expr","locations":[{"start":{"line":58,"column":28},"end":{"line":58,"column":29}},{"start":{"line":58,"column":32},"end":{"line":58,"column":45}}],"line":58},"12":{"loc":{"start":{"line":60,"column":4},"end":{"line":62,"column":5}},"type":"if","locations":[{"start":{"line":60,"column":4},"end":{"line":62,"column":5}},{"start":{"line":60,"column":4},"end":{"line":62,"column":5}}],"line":60},"13":{"loc":{"start":{"line":70,"column":6},"end":{"line":71,"column":20}},"type":"if","locations":[{"start":{"line":70,"column":6},"end":{"line":71,"column":20}},{"start":{"line":70,"column":6},"end":{"line":71,"column":20}}],"line":70},"14":{"loc":{"start":{"line":73,"column":13},"end":{"line":73,"column":45}},"type":"cond-expr","locations":[{"start":{"line":73,"column":28},"end":{"line":73,"column":29}},{"start":{"line":73,"column":32},"end":{"line":73,"column":45}}],"line":73},"15":{"loc":{"start":{"line":75,"column":4},"end":{"line":79,"column":5}},"type":"if","locations":[{"start":{"line":75,"column":4},"end":{"line":79,"column":5}},{"start":{"line":75,"column":4},"end":{"line":79,"column":5}}],"line":75}},"s":{"0":3,"1":3,"2":3,"3":3,"4":0,"5":3,"6":27,"7":3,"8":3,"9":0,"10":3,"11":1,"12":2,"13":2,"14":20,"15":2,"16":2,"17":0,"18":2,"19":1,"20":1,"21":3,"22":3,"23":3,"24":3,"25":3,"26":3,"27":3,"28":3,"29":1,"30":2,"31":2,"32":2,"33":2,"34":2,"35":2,"36":24,"37":24,"38":4,"39":2,"40":2,"41":0,"42":2,"43":2,"44":2,"45":2,"46":2,"47":26,"48":26,"49":4,"50":2,"51":2,"52":1,"53":1},"f":{"0":3,"1":3},"b":{"0":[0,3],"1":[3,3],"2":[0,3],"3":[3,3],"4":[1,2],"5":[0,2],"6":[2,2],"7":[1,1],"8":[1,2],"9":[3,2],"10":[4,20],"11":[0,2],"12":[0,2],"13":[4,22],"14":[0,2],"15":[1,1]},"_coverageSchema":"332fd63041d2c1bcb487cc26dd0d5f7d97098a6c","hash":"e93b213b2affc5d828f5e352993917a12eb9f95c"}
}
