TN:
SF:/Users/lucasbueno/Documents/repos_personal/react-identity-component/lib/Rules.js
FN:8,validateCPF
FN:47,validateCNPJ
FNF:2
FNH:2
FNDA:3,validateCPF
FNDA:3,validateCNPJ
DA:3,1
DA:6,1
DA:7,1
DA:10,3
DA:11,3
DA:12,3
DA:14,3
DA:15,0
DA:18,3
DA:19,27
DA:21,3
DA:23,3
DA:24,0
DA:26,3
DA:27,1
DA:30,2
DA:31,2
DA:32,20
DA:34,2
DA:36,2
DA:37,0
DA:40,2
DA:41,1
DA:43,1
DA:48,3
DA:49,3
DA:50,3
DA:51,3
DA:52,3
DA:53,3
DA:54,3
DA:56,3
DA:57,1
DA:60,2
DA:61,2
DA:62,2
DA:63,2
DA:64,2
DA:65,2
DA:66,24
DA:67,24
DA:69,2
DA:71,2
DA:72,0
DA:75,2
DA:76,2
DA:77,2
DA:78,2
DA:79,2
DA:80,26
DA:81,26
DA:83,2
DA:85,2
DA:86,1
DA:88,1
LF:55
LH:51
BRDA:14,0,0,0
BRDA:14,0,1,3
BRDA:14,1,0,3
BRDA:14,1,1,3
BRDA:23,2,0,0
BRDA:23,2,1,3
BRDA:23,3,0,3
BRDA:23,3,1,3
BRDA:26,4,0,1
BRDA:26,4,1,2
BRDA:36,5,0,0
BRDA:36,5,1,2
BRDA:36,6,0,2
BRDA:36,6,1,2
BRDA:40,7,0,1
BRDA:40,7,1,1
BRDA:56,8,0,1
BRDA:56,8,1,2
BRDA:56,9,0,3
BRDA:56,9,1,2
BRDA:67,10,0,4
BRDA:67,10,1,20
BRDA:69,11,0,0
BRDA:69,11,1,2
BRDA:71,12,0,0
BRDA:71,12,1,2
BRDA:81,13,0,4
BRDA:81,13,1,22
BRDA:83,14,0,0
BRDA:83,14,1,2
BRDA:85,15,0,1
BRDA:85,15,1,1
BRF:32
BRH:26
end_of_record
TN:
SF:/Users/lucasbueno/Documents/repos_personal/react-identity-component/src/Rules.js
FN:3,validateCPF
FN:40,validateCNPJ
FNF:2
FNH:2
FNDA:3,validateCPF
FNDA:3,validateCNPJ
DA:5,3
DA:7,3
DA:8,0
DA:11,3
DA:12,27
DA:14,3
DA:16,3
DA:17,0
DA:19,3
DA:20,1
DA:23,2
DA:24,2
DA:25,20
DA:27,2
DA:29,2
DA:30,0
DA:33,2
DA:34,1
DA:36,1
DA:41,3
DA:42,3
DA:44,3
DA:45,1
DA:48,2
DA:49,2
DA:50,2
DA:51,2
DA:52,2
DA:53,2
DA:54,24
DA:55,24
DA:56,4
DA:58,2
DA:60,2
DA:61,0
DA:64,2
DA:65,2
DA:66,2
DA:67,2
DA:68,2
DA:69,26
DA:70,26
DA:71,4
DA:73,2
DA:75,2
DA:76,1
DA:78,1
LF:47
LH:43
BRDA:7,0,0,0
BRDA:7,0,1,3
BRDA:7,1,0,3
BRDA:7,1,1,3
BRDA:16,2,0,0
BRDA:16,2,1,3
BRDA:16,3,0,3
BRDA:16,3,1,3
BRDA:19,4,0,1
BRDA:19,4,1,2
BRDA:29,5,0,0
BRDA:29,5,1,2
BRDA:29,6,0,2
BRDA:29,6,1,2
BRDA:33,7,0,1
BRDA:33,7,1,1
BRDA:44,8,0,1
BRDA:44,8,1,2
BRDA:44,9,0,3
BRDA:44,9,1,2
BRDA:55,10,0,4
BRDA:55,10,1,20
BRDA:58,11,0,0
BRDA:58,11,1,2
BRDA:60,12,0,0
BRDA:60,12,1,2
BRDA:70,13,0,4
BRDA:70,13,1,22
BRDA:73,14,0,0
BRDA:73,14,1,2
BRDA:75,15,0,1
BRDA:75,15,1,1
BRF:32
BRH:26
end_of_record
